
Time taken to build model: 0.01 seconds
Time taken to test model on training data: 0.03 seconds

=== Error on training data ===

Correctly Classified Instances         408               50.7463 %
Incorrectly Classified Instances       396               49.2537 %
Kappa statistic                          0     
Mean absolute error                      0.4999
Root mean squared error                  0.4999
Relative absolute error                100      %
Root relative squared error            100      %
Total Number of Instances              804     


=== Confusion Matrix ===

   a   b   <-- classified as
 408   0 |   a = 0
 396   0 |   b = 1


=== Error on test data ===

Correctly Classified Instances         668               49.8507 %
Incorrectly Classified Instances       672               50.1493 %
Kappa statistic                          0     
Mean absolute error                      0.5   
Root mean squared error                  0.5001
Relative absolute error                100      %
Root relative squared error            100      %
Total Number of Instances             1340     


=== Confusion Matrix ===

   a   b   <-- classified as
 668   0 |   a = 0
 672   0 |   b = 1

